# JRE version: OpenJDK Runtime Environment Temurin-21.0.4+7 (21.0.4+7) (build 21.0.4+7-LTS)
# Java VM: OpenJDK 64-Bit Server VM Temurin-21.0.4+7 (21.0.4+7-LTS, mixed mode, sharing, tiered, compressed oops, compressed class ptrs, g1 gc, windows-amd64)
GC Precious Log:
 CardTable entry size: 512
 Card Set container configuration: InlinePtr #cards 4 size 8 Array Of Cards #cards 16 size 48 Howl #buckets 8 coarsen threshold 3686 Howl Bitmap #cards 512 size 80 coarsen threshold 460 Card regions per heap region 1 cards per card region 4096
 CPUs: 16 total, 16 available
 Memory: 16084M
 Large Page Support: Disabled
 NUMA Support: Disabled
 Compressed Oops: Enabled (Zero based)
 Heap Region Size: 2M
 Heap Min Capacity: 8M
 Heap Initial Capacity: 252M
 Heap Max Capacity: 4022M
 Pre-touch: Disabled
 Parallel Workers: 13
 Concurrent Workers: 3
 Concurrent Refinement Workers: 13
 Periodic GC: Disabled
Heap:
 garbage-first heap   total 28672K, used 9905K [0x0000000704a00000, 0x0000000800000000)
  region size 2048K, 3 young (6144K), 1 survivors (2048K)
 Metaspace       used 9619K, committed 9920K, reserved 1114112K
  class space    used 936K, committed 1088K, reserved 1048576K
GC Heap History (20 events):
Event: 6.365 GC heap before
{Heap before GC invocations=13 (full 12):
 garbage-first heap   total 28672K, used 8784K [0x0000000704a00000, 0x0000000800000000)
  region size 2048K, 1 young (2048K), 0 survivors (0K)
 Metaspace       used 9560K, committed 9856K, reserved 1114112K
  class space    used 934K, committed 1088K, reserved 1048576K
}
Event: 6.373 GC heap after
{Heap after GC invocations=14 (full 13):
 garbage-first heap   total 28672K, used 8784K [0x0000000704a00000, 0x0000000800000000)
  region size 2048K, 0 young (0K), 0 survivors (0K)
 Metaspace       used 9560K, committed 9856K, reserved 1114112K
  class space    used 934K, committed 1088K, reserved 1048576K
}
Event: 6.382 GC heap before
{Heap before GC invocations=14 (full 13):
 garbage-first heap   total 28672K, used 8784K [0x0000000704a00000, 0x0000000800000000)
  region size 2048K, 1 young (2048K), 0 survivors (0K)
 Metaspace       used 9560K, committed 9856K, reserved 1114112K
  class space    used 934K, committed 1088K, reserved 1048576K
}
Event: 6.391 GC heap after
{Heap after GC invocations=15 (full 14):
 garbage-first heap   total 28672K, used 8785K [0x0000000704a00000, 0x0000000800000000)
  region size 2048K, 0 young (0K), 0 survivors (0K)
 Metaspace       used 9560K, committed 9856K, reserved 1114112K
  class space    used 934K, committed 1088K, reserved 1048576K
}
Event: 6.397 GC heap before
{Heap before GC invocations=15 (full 14):
 garbage-first heap   total 28672K, used 8785K [0x0000000704a00000, 0x0000000800000000)
  region size 2048K, 1 young (2048K), 0 survivors (0K)
 Metaspace       used 9560K, committed 9856K, reserved 1114112K
  class space    used 934K, committed 1088K, reserved 1048576K
}
Event: 6.405 GC heap after
{Heap after GC invocations=16 (full 15):
 garbage-first heap   total 28672K, used 8785K [0x0000000704a00000, 0x0000000800000000)
  region size 2048K, 0 young (0K), 0 survivors (0K)
 Metaspace       used 9560K, committed 9856K, reserved 1114112K
  class space    used 934K, committed 1088K, reserved 1048576K
}
Event: 6.415 GC heap before
{Heap before GC invocations=16 (full 15):
 garbage-first heap   total 28672K, used 8785K [0x0000000704a00000, 0x0000000800000000)
  region size 2048K, 1 young (2048K), 0 survivors (0K)
 Metaspace       used 9560K, committed 9856K, reserved 1114112K
  class space    used 934K, committed 1088K, reserved 1048576K
}
Event: 6.422 GC heap after
{Heap after GC invocations=17 (full 16):
 garbage-first heap   total 28672K, used 7847K [0x0000000704a00000, 0x0000000800000000)
  region size 2048K, 0 young (0K), 0 survivors (0K)
 Metaspace       used 9560K, committed 9856K, reserved 1114112K
  class space    used 934K, committed 1088K, reserved 1048576K
}
Event: 6.430 GC heap before
{Heap before GC invocations=17 (full 16):
 garbage-first heap   total 28672K, used 7847K [0x0000000704a00000, 0x0000000800000000)
  region size 2048K, 1 young (2048K), 0 survivors (0K)
 Metaspace       used 9561K, committed 9856K, reserved 1114112K
  class space    used 934K, committed 1088K, reserved 1048576K
}
Event: 6.439 GC heap after
{Heap after GC invocations=18 (full 17):
 garbage-first heap   total 28672K, used 8785K [0x0000000704a00000, 0x0000000800000000)
  region size 2048K, 0 young (0K), 0 survivors (0K)
 Metaspace       used 9561K, committed 9856K, reserved 1114112K
  class space    used 934K, committed 1088K, reserved 1048576K
}
Event: 6.462 GC heap before
{Heap before GC invocations=18 (full 17):
 garbage-first heap   total 28672K, used 8785K [0x0000000704a00000, 0x0000000800000000)
  region size 2048K, 1 young (2048K), 0 survivors (0K)
 Metaspace       used 9561K, committed 9856K, reserved 1114112K
  class space    used 934K, committed 1088K, reserved 1048576K
}
Event: 6.472 GC heap after
{Heap after GC invocations=19 (full 18):
 garbage-first heap   total 28672K, used 7847K [0x0000000704a00000, 0x0000000800000000)
  region size 2048K, 0 young (0K), 0 survivors (0K)
 Metaspace       used 9561K, committed 9856K, reserved 1114112K
  class space    used 934K, committed 1088K, reserved 1048576K
}
Event: 6.477 GC heap before
{Heap before GC invocations=19 (full 18):
 garbage-first heap   total 28672K, used 7847K [0x0000000704a00000, 0x0000000800000000)
  region size 2048K, 1 young (2048K), 0 survivors (0K)
 Metaspace       used 9561K, committed 9856K, reserved 1114112K
  class space    used 934K, committed 1088K, reserved 1048576K
}
Event: 6.484 GC heap after
{Heap after GC invocations=20 (full 19):
 garbage-first heap   total 28672K, used 8785K [0x0000000704a00000, 0x0000000800000000)
  region size 2048K, 0 young (0K), 0 survivors (0K)
 Metaspace       used 9561K, committed 9856K, reserved 1114112K
  class space    used 934K, committed 1088K, reserved 1048576K
}
Event: 6.676 GC heap before
{Heap before GC invocations=20 (full 19):
 garbage-first heap   total 28672K, used 8785K [0x0000000704a00000, 0x0000000800000000)
  region size 2048K, 1 young (2048K), 0 survivors (0K)
 Metaspace       used 9563K, committed 9856K, reserved 1114112K
  class space    used 935K, committed 1088K, reserved 1048576K
}
Event: 6.683 GC heap after
{Heap after GC invocations=21 (full 20):
 garbage-first heap   total 28672K, used 7848K [0x0000000704a00000, 0x0000000800000000)
  region size 2048K, 0 young (0K), 0 survivors (0K)
 Metaspace       used 9563K, committed 9856K, reserved 1114112K
  class space    used 935K, committed 1088K, reserved 1048576K
}
Event: 102.192 GC heap before
{Heap before GC invocations=21 (full 20):
 garbage-first heap   total 28672K, used 11944K [0x0000000704a00000, 0x0000000800000000)
  region size 2048K, 2 young (4096K), 0 survivors (0K)
 Metaspace       used 9595K, committed 9856K, reserved 1114112K
  class space    used 935K, committed 1088K, reserved 1048576K
}
Event: 102.194 GC heap after
{Heap after GC invocations=22 (full 20):
 garbage-first heap   total 28672K, used 7921K [0x0000000704a00000, 0x0000000800000000)
  region size 2048K, 1 young (2048K), 1 survivors (2048K)
 Metaspace       used 9595K, committed 9856K, reserved 1114112K
  class space    used 935K, committed 1088K, reserved 1048576K
}
Event: 495.920 GC heap before
{Heap before GC invocations=22 (full 20):
 garbage-first heap   total 28672K, used 16113K [0x0000000704a00000, 0x0000000800000000)
  region size 2048K, 5 young (10240K), 1 survivors (2048K)
 Metaspace       used 9607K, committed 9920K, reserved 1114112K
  class space    used 935K, committed 1088K, reserved 1048576K
}
Event: 495.922 GC heap after
{Heap after GC invocations=23 (full 20):
 garbage-first heap   total 28672K, used 7857K [0x0000000704a00000, 0x0000000800000000)
  region size 2048K, 1 young (2048K), 1 survivors (2048K)
 Metaspace       used 9607K, committed 9920K, reserved 1114112K
  class space    used 935K, committed 1088K, reserved 1048576K
}

